<?xml version="1.0" encoding="UTF-8"?>
<!-- Generated by org.testng.reporters.JUnitReportReporter -->
<testsuite skipped="0" hostname="DESKTOP-TKOF22I" name="com.sauceLabs.testScripts.SwagLabsLoginTest" tests="5" failures="0" timestamp="2020-12-06T22:45:23 IST" time="5.034" errors="0">
  <testcase name="verifyLoginPageTitle" time="0.548" classname="com.sauceLabs.testScripts.SwagLabsLoginTest"/>
  <system-out/>
  <testcase name="verifyLoginFunctionalityNegativeValidations" time="0.884" classname="com.sauceLabs.testScripts.SwagLabsLoginTest"/>
  <system-out/>
  <testcase name="loginToSwagLabs" time="0.969" classname="com.sauceLabs.testScripts.SwagLabsLoginTest"/>
  <system-out/>
  <testcase name="validateHamBurgerMenuOptions" time="0.930" classname="com.sauceLabs.testScripts.SwagLabsLoginTest"/>
  <system-out/>
  <testcase name="addToCartAndValidate" time="1.703" classname="com.sauceLabs.testScripts.SwagLabsLoginTest"/>
  <system-out/>
</testsuite> <!-- com.sauceLabs.testScripts.SwagLabsLoginTest -->
