<?xml version="1.0" encoding="UTF-8"?>
<!-- Generated by org.testng.reporters.JUnitReportReporter -->
<testsuite skipped="0" hostname="DESKTOP-TKOF22I" name="com.sauceLabs.testScripts.SwagLabsLoginTest" tests="5" failures="0" timestamp="07 Dec 2020 11:31:35 GMT" time="5.848" errors="0">
  <testcase name="verifyLoginPageTitle" time="0.606" classname="com.sauceLabs.testScripts.SwagLabsLoginTest"/>
  <testcase name="verifyLoginFunctionalityNegativeValidations" time="0.905" classname="com.sauceLabs.testScripts.SwagLabsLoginTest"/>
  <testcase name="loginToSwagLabs" time="1.042" classname="com.sauceLabs.testScripts.SwagLabsLoginTest"/>
  <testcase name="validateHamBurgerMenuOptions" time="1.216" classname="com.sauceLabs.testScripts.SwagLabsLoginTest"/>
  <testcase name="addToCartAndValidate" time="2.079" classname="com.sauceLabs.testScripts.SwagLabsLoginTest"/>
</testsuite> <!-- com.sauceLabs.testScripts.SwagLabsLoginTest -->
